Using pre-set license
Built from '2020.3/staging' branch; Version is '2020.3.32f1 (12f8b0834f07) revision 1243312'; Using compiler version '192528614'; Build Type 'Release'
OS: 'Windows 11  (10.0.22000) 64bit Core' Language: 'en' Physical Memory: 16224 MB
BatchMode: 1, IsHumanControllingUs: 0, StartBugReporterOnCrash: 0, Is64bit: 1, IsPro: 0

COMMAND LINE ARGUMENTS:
C:\Program Files\Unity\Hub\Editor\2020.3.32f1\Editor\Unity.exe
-adb2
-batchMode
-noUpm
-name
AssetImportWorker0
-projectPath
C:/Users/james/Documents/GitHub/LudumDare50/LudumDare50
-logFile
Logs/AssetImportWorker0.log
-srvPort
53159
Successfully changed project path to: C:/Users/james/Documents/GitHub/LudumDare50/LudumDare50
C:/Users/james/Documents/GitHub/LudumDare50/LudumDare50
Using Asset Import Pipeline V2.
Refreshing native plugins compatible for Editor in 42.56 ms, found 3 plugins.
Preloading 0 native plugins for Editor in 0.00 ms.
Initialize engine version: 2020.3.32f1 (12f8b0834f07)
[Subsystems] Discovering subsystems at path C:/Program Files/Unity/Hub/Editor/2020.3.32f1/Editor/Data/Resources/UnitySubsystems
[Subsystems] Discovering subsystems at path C:/Users/james/Documents/GitHub/LudumDare50/LudumDare50/Assets
GfxDevice: creating device client; threaded=0
Direct3D:
    Version:  Direct3D 11.0 [level 11.1]
    Renderer: NVIDIA GeForce GTX 1660 Ti (ID=0x2191)
    Vendor:   
    VRAM:     5991 MB
    Driver:   30.0.15.1123
Initialize mono
Mono path[0] = 'C:/Program Files/Unity/Hub/Editor/2020.3.32f1/Editor/Data/Managed'
Mono path[1] = 'C:/Program Files/Unity/Hub/Editor/2020.3.32f1/Editor/Data/MonoBleedingEdge/lib/mono/unityjit'
Mono config path = 'C:/Program Files/Unity/Hub/Editor/2020.3.32f1/Editor/Data/MonoBleedingEdge/etc'
Using monoOptions --debugger-agent=transport=dt_socket,embedding=1,server=y,suspend=n,address=127.0.0.1:56556
Begin MonoManager ReloadAssembly
Registering precompiled unity dll's ...
Register platform support module: C:/Program Files/Unity/Hub/Editor/2020.3.32f1/Editor/Data/PlaybackEngines/WebGLSupport/UnityEditor.WebGL.Extensions.dll
Register platform support module: C:/Program Files/Unity/Hub/Editor/2020.3.32f1/Editor/Data/PlaybackEngines/WindowsStandaloneSupport/UnityEditor.WindowsStandalone.Extensions.dll
Registered in 0.001764 seconds.
Native extension for WindowsStandalone target not found
Native extension for WebGL target not found
Refreshing native plugins compatible for Editor in 41.60 ms, found 3 plugins.
Preloading 0 native plugins for Editor in 0.00 ms.
Mono: successfully reloaded assembly
- Completed reload, in  0.558 seconds
Domain Reload Profiling:
	ReloadAssembly (558ms)
		BeginReloadAssembly (58ms)
			ExecutionOrderSort (0ms)
			DisableScriptedObjects (0ms)
			BackupInstance (0ms)
			ReleaseScriptingObjects (0ms)
			CreateAndSetChildDomain (1ms)
		EndReloadAssembly (435ms)
			LoadAssemblies (57ms)
			RebuildTransferFunctionScriptingTraits (0ms)
			SetupTypeCache (146ms)
			ReleaseScriptCaches (0ms)
			RebuildScriptCaches (29ms)
			SetupLoadedEditorAssemblies (161ms)
				LogAssemblyErrors (0ms)
				InitializePlatformSupportModulesInManaged (5ms)
				SetLoadedEditorAssemblies (0ms)
				RefreshPlugins (42ms)
				BeforeProcessingInitializeOnLoad (12ms)
				ProcessInitializeOnLoadAttributes (76ms)
				ProcessInitializeOnLoadMethodAttributes (26ms)
				AfterProcessingInitializeOnLoad (0ms)
				EditorAssembliesLoaded (0ms)
			ExecutionOrderSort2 (0ms)
			AwakeInstancesAfterBackupRestoration (0ms)
Platform modules already initialized, skipping
Registering precompiled user dll's ...
Registered in 0.003130 seconds.
Begin MonoManager ReloadAssembly
Native extension for WindowsStandalone target not found
Native extension for WebGL target not found
Refreshing native plugins compatible for Editor in 41.38 ms, found 3 plugins.
Preloading 0 native plugins for Editor in 0.00 ms.
Mono: successfully reloaded assembly
- Completed reload, in  1.039 seconds
Domain Reload Profiling:
	ReloadAssembly (1040ms)
		BeginReloadAssembly (139ms)
			ExecutionOrderSort (0ms)
			DisableScriptedObjects (4ms)
			BackupInstance (0ms)
			ReleaseScriptingObjects (0ms)
			CreateAndSetChildDomain (17ms)
		EndReloadAssembly (846ms)
			LoadAssemblies (86ms)
			RebuildTransferFunctionScriptingTraits (0ms)
			SetupTypeCache (291ms)
			ReleaseScriptCaches (0ms)
			RebuildScriptCaches (44ms)
			SetupLoadedEditorAssemblies (317ms)
				LogAssemblyErrors (0ms)
				InitializePlatformSupportModulesInManaged (5ms)
				SetLoadedEditorAssemblies (0ms)
				RefreshPlugins (41ms)
				BeforeProcessingInitializeOnLoad (71ms)
				ProcessInitializeOnLoadAttributes (180ms)
				ProcessInitializeOnLoadMethodAttributes (14ms)
				AfterProcessingInitializeOnLoad (5ms)
				EditorAssembliesLoaded (0ms)
			ExecutionOrderSort2 (0ms)
			AwakeInstancesAfterBackupRestoration (6ms)
Platform modules already initialized, skipping
========================================================================
Worker process is ready to serve import requests
Launched and connected shader compiler UnityShaderCompiler.exe after 0.04 seconds
Refreshing native plugins compatible for Editor in 0.53 ms, found 3 plugins.
Preloading 0 native plugins for Editor in 0.00 ms.
Unloading 2201 Unused Serialized files (Serialized files now loaded: 0)
System memory in use before: 97.0 MB.
System memory in use after: 96.9 MB.

Unloading 31 unused Assets to reduce memory usage. Loaded Objects now: 2632.
Total: 2.948100 ms (FindLiveObjects: 0.139900 ms CreateObjectMapping: 0.074900 ms MarkObjects: 2.603200 ms  DeleteObjects: 0.129400 ms)

AssetImportParameters requested are different than current active one (requested -> active):
  custom:framework-win-MediaFoundation: 216162199b28c13a410421893ffa2e32 -> 
  custom:video-decoder-ogg-theora: a1e56fd34408186e4bbccfd4996cb3dc -> 
  custom:container-muxer-webm: aa71ff27fc2769a1b78a27578f13a17b -> 
  custom:container-demuxer-webm: 4f35f7cbe854078d1ac9338744f61a02 -> 
  custom:container-demuxer-ogg: 62fdf1f143b41e24485cea50d1cbac27 -> 
  custom:video-encoder-webm-vp8: eb34c28f22e8b96e1ab97ce403110664 -> 
  custom:video-decoder-webm-vp8: 9c59270c3fd7afecdb556c50c9e8de78 -> 
  custom:audio-decoder-ogg-vorbis: bf7c407c2cedff20999df2af8eb42d56 -> 
  custom:audio-encoder-webm-vorbis: bf7c407c2cedff20999df2af8eb42d56 -> 
========================================================================
Received Import Request.
  path: Assets/Scenes/Floor.png
  artifactKey: Guid(ee30158be5702a04aa5ba82cf629fcf9) Importer(815301076,1909f56bfc062723c751e8b465ee728b)
Start importing Assets/Scenes/Floor.png using Guid(ee30158be5702a04aa5ba82cf629fcf9) Importer(815301076,1909f56bfc062723c751e8b465ee728b)  -> (artifact id: '7d31eb1b8c7093585a4741555ab7631e') in 0.122338 seconds 
========================================================================
Received Import Request.
  Time since last request: 13.342538 seconds.
  path: Assets/Scenes/grassProgrammerArt.png
  artifactKey: Guid(5e94942e780f4db4299ef6ad62aaa42b) Importer(815301076,1909f56bfc062723c751e8b465ee728b)
Start importing Assets/Scenes/grassProgrammerArt.png using Guid(5e94942e780f4db4299ef6ad62aaa42b) Importer(815301076,1909f56bfc062723c751e8b465ee728b)  -> (artifact id: '42c99aa8e8ef0aa24b869f5350ea97c4') in 0.016200 seconds 
========================================================================
Received Import Request.
  Time since last request: 27.969188 seconds.
  path: Assets/Scenes/grassProgrammerArt.png
  artifactKey: Guid(5e94942e780f4db4299ef6ad62aaa42b) Importer(815301076,1909f56bfc062723c751e8b465ee728b)
Start importing Assets/Scenes/grassProgrammerArt.png using Guid(5e94942e780f4db4299ef6ad62aaa42b) Importer(815301076,1909f56bfc062723c751e8b465ee728b)  -> (artifact id: 'd20aab82ab840351f5d2d72d04f96347') in 0.010570 seconds 
========================================================================
Received Import Request.
  Time since last request: 39.917729 seconds.
  path: Assets
  artifactKey: Guid(00000000000000001000000000000000) Importer(815301076,1909f56bfc062723c751e8b465ee728b)
Start importing Assets using Guid(00000000000000001000000000000000) Importer(815301076,1909f56bfc062723c751e8b465ee728b)  -> (artifact id: '42d402b061de3733987d63b9cc3b64de') in 0.005193 seconds 
========================================================================
Received Import Request.
  Time since last request: 174.397205 seconds.
  path: Assets/Sprites
  artifactKey: Guid(1a0d1ea1c15e6714382ea5319270a4f1) Importer(815301076,1909f56bfc062723c751e8b465ee728b)
Start importing Assets/Sprites using Guid(1a0d1ea1c15e6714382ea5319270a4f1) Importer(815301076,1909f56bfc062723c751e8b465ee728b)  -> (artifact id: '65ac89d673d10e89db19291725a5109d') in 0.005155 seconds 
========================================================================
Received Import Request.
  Time since last request: 70.172878 seconds.
  path: Assets/Tiles
  artifactKey: Guid(9362529c57d55f44680bf3a9c7c00940) Importer(815301076,1909f56bfc062723c751e8b465ee728b)
Start importing Assets/Tiles using Guid(9362529c57d55f44680bf3a9c7c00940) Importer(815301076,1909f56bfc062723c751e8b465ee728b)  -> (artifact id: '0b7c8f8e0a6153c6a46a184c6c286184') in 0.005451 seconds 
========================================================================
Received Import Request.
  Time since last request: 56.951388 seconds.
  path: Assets/Tiles/Floor.prefab
  artifactKey: Guid(6f7a4c5928a17a34e858f39028673fdf) Importer(815301076,1909f56bfc062723c751e8b465ee728b)
Start importing Assets/Tiles/Floor.prefab using Guid(6f7a4c5928a17a34e858f39028673fdf) Importer(815301076,1909f56bfc062723c751e8b465ee728b)  -> (artifact id: 'c42b672220b6ff5e900d0747b4aeb983') in 0.042468 seconds 
========================================================================
Received Import Request.
  Time since last request: 87.714540 seconds.
  path: Assets/Sprites/grassProgrammerArt.asset
  artifactKey: Guid(4cf111ed167d8eb4b95b1848a94ff52f) Importer(815301076,1909f56bfc062723c751e8b465ee728b)
Start importing Assets/Sprites/grassProgrammerArt.asset using Guid(4cf111ed167d8eb4b95b1848a94ff52f) Importer(815301076,1909f56bfc062723c751e8b465ee728b)  -> (artifact id: 'e115535da8ce43427cdb577fceb167ba') in 0.022812 seconds 
========================================================================
Received Import Request.
  Time since last request: 160.744890 seconds.
  path: Assets/Sprites/grassProgrammerArt.png
  artifactKey: Guid(5e94942e780f4db4299ef6ad62aaa42b) Importer(815301076,1909f56bfc062723c751e8b465ee728b)
Start importing Assets/Sprites/grassProgrammerArt.png using Guid(5e94942e780f4db4299ef6ad62aaa42b) Importer(815301076,1909f56bfc062723c751e8b465ee728b)  -> (artifact id: 'a07ccecc68fc04ad78f9492a6ed3f4a0') in 0.015706 seconds 
========================================================================
Received Import Request.
  Time since last request: 7.912593 seconds.
  path: Assets/Sprites/grassProgrammerArt.asset
  artifactKey: Guid(4cf111ed167d8eb4b95b1848a94ff52f) Importer(815301076,1909f56bfc062723c751e8b465ee728b)
Start importing Assets/Sprites/grassProgrammerArt.asset using Guid(4cf111ed167d8eb4b95b1848a94ff52f) Importer(815301076,1909f56bfc062723c751e8b465ee728b)  -> (artifact id: '15acbc292a549afb5bb2b600a59e2f2f') in 0.006719 seconds 
========================================================================
Received Import Request.
  Time since last request: 7.526691 seconds.
  path: Assets/Sprites/wallProgrammerArt.png
  artifactKey: Guid(17b47c461d7bea04fa85893faecd1f48) Importer(815301076,1909f56bfc062723c751e8b465ee728b)
Start importing Assets/Sprites/wallProgrammerArt.png using Guid(17b47c461d7bea04fa85893faecd1f48) Importer(815301076,1909f56bfc062723c751e8b465ee728b)  -> (artifact id: 'd93720776954bd9314474875e62f33b9') in 0.012962 seconds 
========================================================================
Received Import Request.
  Time since last request: 52.376134 seconds.
  path: Assets/Sprites/wallProgrammerArt.png
  artifactKey: Guid(17b47c461d7bea04fa85893faecd1f48) Importer(815301076,1909f56bfc062723c751e8b465ee728b)
Start importing Assets/Sprites/wallProgrammerArt.png using Guid(17b47c461d7bea04fa85893faecd1f48) Importer(815301076,1909f56bfc062723c751e8b465ee728b)  -> (artifact id: 'dd778bbe14d47c23977b24cdca47cff3') in 0.010839 seconds 
========================================================================
Received Import Request.
  Time since last request: 19.222687 seconds.
  path: Assets/Sprites/wallProgrammerArt.asset
  artifactKey: Guid(97c7de537d0649546bb0a4e2c791a687) Importer(815301076,1909f56bfc062723c751e8b465ee728b)
Start importing Assets/Sprites/wallProgrammerArt.asset using Guid(97c7de537d0649546bb0a4e2c791a687) Importer(815301076,1909f56bfc062723c751e8b465ee728b)  -> (artifact id: '14031df540eca0ec547ccbed450ec2ef') in 0.012174 seconds 
AssetImportWorkerClient::OnTransportError - code=2 error=End of file
